Running script...
Total steps: 10000000
Num levels: 1000
Game: fruitbot
Model: 1
Augmentation mode: 0
nr_features: 512
P_10_1000_fruitbot_1_0_512
Step: 344064	(35.67406463623047,29.698747634887695)
Step: 688128	(51.4626350402832,49.733985900878906)
Step: 1032192	(69.00373840332031,65.51119232177734)
Step: 1376256	(68.0325927734375,67.62906646728516)
Step: 1720320	(71.46375274658203,69.20993041992188)
Step: 2064384	(71.27423095703125,68.36328125)
Step: 2408448	(75.01592254638672,69.0582504272461)
Step: 2752512	(70.5558853149414,68.49795532226562)
Step: 3096576	(74.54051208496094,70.40762329101562)
Step: 3440640	(75.22134399414062,71.02581787109375)
Step: 3784704	(75.51266479492188,69.57981872558594)
Step: 4128768	(74.83805847167969,71.71309661865234)
Step: 4472832	(78.31670379638672,71.47132873535156)
Step: 4816896	(77.3411636352539,73.16999816894531)
Step: 5160960	(77.97515869140625,73.93888092041016)
Step: 5505024	(78.67041778564453,73.83734893798828)
Step: 5849088	(78.80128479003906,74.46240234375)
Step: 6193152	(78.37738800048828,73.39059448242188)
Step: 6537216	(74.90032196044922,71.98851776123047)
Step: 6881280	(75.12589263916016,74.75448608398438)
Step: 7225344	(77.58650207519531,74.41676330566406)
Step: 7569408	(75.82810974121094,73.33269500732422)
Step: 7913472	(77.4647445678711,71.80709838867188)
Step: 8257536	(78.18484497070312,74.54325866699219)
Step: 8601600	(77.56729125976562,72.7560043334961)
Step: 8945664	(79.13046264648438,74.28244018554688)
Step: 9289728	(79.10252380371094,74.63433837890625)
Step: 9633792	(77.35885620117188,72.24150848388672)
Step: 9977856	(75.12637329101562,73.50238037109375)
Step: 10010624	(77.37030029296875,71.73486328125)
Completed training!
Average return: tensor(74.9918)
Generating videoP_10_1000_fruitbot_1_0_512_vid.mp4
Done...
