Running script...
Total steps: 10000000
Num levels: 100
Game: jumper
Model: 1
Augmentation mode: 0
nr_features: 512
P_10_100_jumper_1_0_512
Step: 344064	(28.74725914001465,14.896154403686523)
Step: 688128	(32.97001266479492,16.413837432861328)
Step: 1032192	(52.41551971435547,18.854036331176758)
Step: 3047424	(183.176513671875,24.119050979614258)
Step: 5062656	(131.90762329101562,22.51226234436035)
Step: 7077888	(118.16413116455078,19.029539108276367)
Step: 9093120	(176.40423583984375,25.31206512451172)
Step: 10010624	(189.8822784423828,25.750194549560547)
Completed training!
Average return: tensor(25.5240)
Generating videoP_10_100_jumper_1_0_512_vid.mp4
Done...
