Running script...
Total steps: 10000000
Num levels: 10000
Game: fruitbot
Model: 1
Augmentation mode: 5
nr_features: 512
Augmentation mode validation: 3
P_10_10000_fruitbot_1_5_512_3
Step: 344064	(3.3880841732025146,2.743504047393799)
Step: 688128	(50.445709228515625,49.088844299316406)
Step: 1032192	(55.301963806152344,54.144142150878906)
Step: 3047424	(60.168060302734375,59.12306213378906)
Step: 5062656	(60.59269714355469,59.482872009277344)
Step: 7077888	(66.93368530273438,63.13947677612305)
Step: 9093120	(70.52053833007812,66.79147338867188)
Step: 10010624	(69.59618377685547,66.06526184082031)
Completed training!
Average return: tensor(67.5978)
Generating videoP_10_10000_fruitbot_1_5_512_3_vid.mp4
Done...
