Running script...
Total steps: 10000000
Num levels: 1
Game: fruitbot
Model: 1
Augmentation mode: 0
nr_features: 512
P_10_1_fruitbot_1_0_512
Step: 344064	(139.27435302734375,-27.074207305908203)
Step: 688128	(139.27435302734375,-25.808425903320312)
Step: 1032192	(124.97527313232422,-28.965988159179688)
Step: 1376256	(124.97527313232422,-27.840646743774414)
Step: 1720320	(124.97527313232422,-30.08821678161621)
Step: 2064384	(124.97527313232422,-30.73984146118164)
Step: 2408448	(124.97527313232422,-30.718074798583984)
Step: 2752512	(124.97527313232422,-30.588665008544922)
Step: 3096576	(124.97527313232422,-30.68250846862793)
Step: 3440640	(124.97527313232422,-29.924156188964844)
Step: 3784704	(124.97527313232422,-29.715408325195312)
Step: 4128768	(124.61547088623047,-29.46442222595215)
Step: 4472832	(124.61547088623047,-30.213279724121094)
Step: 4816896	(124.97527313232422,-29.995622634887695)
Step: 5160960	(124.97527313232422,-27.44001007080078)
Step: 5505024	(124.97527313232422,-28.40767478942871)
Step: 5849088	(124.97527313232422,-30.16878890991211)
Step: 6193152	(124.97527313232422,-30.309877395629883)
Step: 6537216	(124.97527313232422,-31.521739959716797)
Step: 6881280	(124.61547088623047,-29.647380828857422)
Step: 7225344	(124.97527313232422,-29.884597778320312)
Step: 7569408	(124.97527313232422,-28.75420570373535)
Step: 7913472	(124.97527313232422,-27.279972076416016)
Step: 8257536	(124.97527313232422,-27.333982467651367)
Step: 8601600	(124.97527313232422,-28.9460391998291)
Step: 8945664	(119.10704803466797,-27.83847427368164)
Step: 9289728	(124.97527313232422,-30.731822967529297)
Step: 9633792	(124.97527313232422,-30.25231170654297)
Step: 9977856	(124.97527313232422,-30.496807098388672)
Step: 10010624	(124.97527313232422,-29.84200096130371)
Completed training!
Average return: tensor(-163.5639)
Generating videoP_10_1_fruitbot_1_0_512_vid.mp4
Done...
