Running script...
Total steps: 10000000
Num levels: 100
Game: fruitbot
Model: 1
Augmentation mode: 5
nr_features: 512
P_10_100_fruitbot_1_5_512
Step: 344064	(10.420822143554688,-3.4485385417938232)
Step: 688128	(47.140804290771484,36.131168365478516)
Step: 1032192	(51.50668716430664,47.71171569824219)
Step: 3047424	(60.68266677856445,53.55461883544922)
Step: 5062656	(67.03134155273438,60.109439849853516)
Step: 7077888	(70.99698638916016,65.47240447998047)
Step: 9093120	(70.8215103149414,61.63056564331055)
Step: 10010624	(71.27572631835938,65.17069244384766)
Completed training!
Average return: tensor(64.4612)
Generating videoP_10_100_fruitbot_1_5_512_vid.mp4
Done...
