Running script...
Total steps: 10000000
Num levels: 100
Game: fruitbot
Model: 1
Augmentation mode: 5
nr_features: 512
P_10_100_fruitbot_1_5_512
Step: 344064	(1.346752405166626,-3.4485385417938232)
Step: 688128	(26.73652458190918,36.131168365478516)
Step: 1032192	(38.146907806396484,47.71171569824219)
Step: 1376256	(38.31977844238281,47.59996032714844)
Step: 1720320	(39.557151794433594,56.67097473144531)
Step: 2064384	(40.01425552368164,52.469810485839844)
Step: 2408448	(39.58314895629883,59.3427848815918)
Step: 2752512	(41.32133483886719,57.78086853027344)
Step: 3096576	(33.80335998535156,53.884517669677734)
Step: 3440640	(36.64524459838867,59.54114532470703)
Step: 3784704	(35.849609375,57.6595573425293)
Step: 4128768	(40.270267486572266,62.49419021606445)
Step: 4472832	(37.78521728515625,59.42108154296875)
Step: 4816896	(38.347347259521484,56.95076370239258)
Step: 5160960	(38.424346923828125,59.23246765136719)
Step: 5505024	(41.11644744873047,62.43122863769531)
Step: 5849088	(48.144752502441406,59.81436538696289)
Step: 6193152	(41.443580627441406,62.02870178222656)
Step: 6537216	(43.345855712890625,63.68413543701172)
Step: 6881280	(41.623321533203125,62.22339630126953)
Step: 7225344	(43.570167541503906,61.789093017578125)
Step: 7569408	(45.49333953857422,61.943904876708984)
Step: 7913472	(42.977272033691406,62.7076416015625)
Step: 8257536	(39.485313415527344,61.171730041503906)
Step: 8601600	(39.502952575683594,61.732425689697266)
Step: 8945664	(41.198638916015625,65.15377807617188)
Step: 9289728	(39.471778869628906,60.5981559753418)
Step: 9633792	(37.51441192626953,63.3615608215332)
Step: 9977856	(40.404808044433594,60.536102294921875)
Step: 10010624	(43.61357498168945,59.73394775390625)
Completed training!
Average return: tensor(67.9732)
Generating videoP_10_100_fruitbot_1_5_512_vid.mp4
Done...
