Running script...
Total steps: 10000000
Num levels: 10000
Game: fruitbot
Model: 1
Augmentation mode: 0
nr_features: 512
P_10_10000_fruitbot_1_0_512
Step: 344064	(38.696285247802734,36.953651428222656)
Step: 688128	(56.618873596191406,56.56416702270508)
Step: 1032192	(64.02381134033203,63.51251983642578)
Step: 1376256	(69.66300964355469,68.60984802246094)
Step: 1720320	(72.25288391113281,68.99068450927734)
Step: 2064384	(75.07662200927734,71.3227767944336)
Step: 2408448	(74.48208618164062,71.09706115722656)
Step: 2752512	(74.34728240966797,70.2779769897461)
Step: 3096576	(72.73710632324219,72.8131332397461)
Step: 3440640	(73.54408264160156,74.1688232421875)
Step: 3784704	(76.49461364746094,74.95208740234375)
Step: 4128768	(77.61126708984375,74.09591674804688)
Step: 4472832	(73.3334732055664,74.08950805664062)
Step: 4816896	(77.68462371826172,76.88882446289062)
Step: 5160960	(73.90193939208984,75.61018371582031)
Step: 5505024	(76.44597625732422,74.84686279296875)
Step: 5849088	(79.65252685546875,74.99209594726562)
Step: 6193152	(77.7762680053711,73.88019561767578)
Step: 6537216	(75.48469543457031,73.26939392089844)
Step: 6881280	(75.15677642822266,72.15341186523438)
Step: 7225344	(78.82369995117188,74.85551452636719)
Step: 7569408	(78.3482666015625,76.107421875)
Step: 7913472	(76.76138305664062,75.23860168457031)
Step: 8257536	(75.39984130859375,77.68773651123047)
Step: 8601600	(75.41241455078125,73.7127456665039)
Step: 8945664	(77.6969223022461,76.05107116699219)
Step: 9289728	(72.80680084228516,72.47278594970703)
Step: 9633792	(76.32865905761719,75.27782440185547)
Step: 9977856	(78.08738708496094,75.45899963378906)
Step: 10010624	(77.05831909179688,75.37995910644531)
Completed training!
Average return: tensor(76.1680)
Generating videoP_10_10000_fruitbot_1_0_512_vid.mp4
Done...
