Running script...
Total steps: 10000000
Num levels: 10000
Game: fruitbot
Model: 1
Augmentation mode: 0
nr_features: 512
Augmentation mode validation: 3
P_10_10000_fruitbot_1_0_512_3
Step: 344064	(38.696285247802734,37.361942291259766)
Step: 688128	(56.618873596191406,53.390560150146484)
Step: 1032192	(64.02381134033203,63.85459518432617)
Step: 1376256	(69.66300964355469,66.8638916015625)
Step: 1720320	(72.25288391113281,66.33956146240234)
Step: 2064384	(75.07662200927734,69.81932067871094)
Step: 2408448	(74.48208618164062,67.80471801757812)
Step: 2752512	(74.34728240966797,66.83055877685547)
Step: 3096576	(72.73710632324219,69.8293228149414)
Step: 3440640	(73.54408264160156,71.90411376953125)
Step: 3784704	(76.49461364746094,71.01317596435547)
Step: 4128768	(77.61126708984375,72.84933471679688)
Step: 4472832	(73.3334732055664,68.61727905273438)
Step: 4816896	(77.68462371826172,72.9178695678711)
Step: 5160960	(73.90193939208984,71.05227661132812)
Step: 5505024	(76.44597625732422,69.69646453857422)
Step: 5849088	(79.65252685546875,70.35798645019531)
Step: 6193152	(77.7762680053711,72.20452117919922)
Step: 6537216	(75.48469543457031,68.53167724609375)
Step: 6881280	(75.15677642822266,70.25080871582031)
Step: 7225344	(78.82369995117188,71.17092895507812)
Step: 7569408	(78.3482666015625,69.80598449707031)
Step: 7913472	(76.76138305664062,70.83443450927734)
Step: 8257536	(75.39984130859375,70.8836669921875)
Step: 8601600	(75.41241455078125,70.20256805419922)
Step: 8945664	(77.6969223022461,70.07854461669922)
Step: 9289728	(72.80680084228516,68.43478393554688)
Step: 9633792	(76.32865905761719,70.23941040039062)
Step: 9977856	(78.08738708496094,70.45387268066406)
Step: 10010624	(77.05831909179688,70.56951904296875)
Completed training!
Average return: tensor(76.1680)
Generating videoP_10_10000_fruitbot_1_0_512_3_vid.mp4
Done...
