Running script...
Total steps: 10000000
Num levels: 1
Game: fruitbot
Model: 1
Augmentation mode: 5
nr_features: 512
P_10_1_fruitbot_1_5_512
Step: 344064	(-0.15625,-21.80293083190918)
Step: 688128	(74.05137634277344,-31.509708404541016)
Step: 1032192	(83.26058959960938,-25.112350463867188)
Step: 1376256	(68.29203796386719,-21.221515655517578)
Step: 1720320	(91.1324691772461,-20.048412322998047)
Step: 2064384	(48.08751678466797,-17.987960815429688)
Step: 2408448	(60.66957473754883,-18.071971893310547)
Step: 2752512	(69.29972076416016,-16.237781524658203)
Step: 3096576	(69.21353149414062,-17.156879425048828)
Step: 3440640	(64.9193115234375,-18.10942268371582)
Step: 3784704	(76.86770629882812,-15.457756042480469)
Step: 4128768	(74.92695617675781,-15.168943405151367)
Step: 4472832	(85.65533447265625,-14.526646614074707)
Step: 4816896	(54.47758483886719,-13.729662895202637)
Step: 5160960	(50.085060119628906,-13.81623649597168)
Step: 5505024	(67.51469421386719,-13.320674896240234)
Step: 5849088	(63.64787673950195,-15.06311321258545)
Step: 6193152	(80.38850402832031,-13.652313232421875)
Step: 6537216	(85.30894470214844,-16.33194923400879)
Step: 6881280	(75.09622955322266,-14.489368438720703)
Step: 7225344	(62.829734802246094,-16.4967041015625)
Step: 7569408	(74.83560180664062,-14.777825355529785)
Step: 7913472	(79.1316146850586,-1.3265256881713867)
Step: 8257536	(71.91690063476562,-2.7833826541900635)
Step: 8601600	(70.88878631591797,0.09646409749984741)
Step: 8945664	(76.29170989990234,-5.50190544128418)
Step: 9289728	(79.00761413574219,-1.638765573501587)
Step: 9633792	(66.51932525634766,-3.292083501815796)
Step: 9977856	(66.07269287109375,-2.6255171298980713)
Step: 10010624	(74.48448181152344,0.8297786712646484)
Completed training!
Average return: tensor(-13.2065)
Generating videoP_10_1_fruitbot_1_5_512_vid.mp4
Done...
