Running script...
Total steps: 10000000
Num levels: 1000
Game: fruitbot
Model: 1
Augmentation mode: 5
nr_features: 512
P_10_1000_fruitbot_1_5_512
Step: 344064	(7.5342535972595215,18.89734649658203)
Step: 688128	(42.8826904296875,44.78657531738281)
Step: 1032192	(44.38746643066406,53.072998046875)
Step: 1376256	(41.163047790527344,60.456329345703125)
Step: 1720320	(44.80146789550781,64.73870086669922)
Step: 2064384	(32.361019134521484,65.00872802734375)
Step: 2408448	(33.155784606933594,63.31610870361328)
Step: 2752512	(35.223121643066406,66.70748138427734)
Step: 3096576	(35.18754196166992,66.88753509521484)
Step: 3440640	(32.303409576416016,61.47338104248047)
Step: 3784704	(37.41008377075195,62.49989318847656)
Step: 4128768	(39.62650680541992,63.744773864746094)
Step: 4472832	(41.7696418762207,59.92893981933594)
Step: 4816896	(45.40760803222656,64.14911651611328)
Step: 5160960	(52.36176300048828,61.02484130859375)
Step: 5505024	(54.743648529052734,65.35684204101562)
Step: 5849088	(54.464569091796875,67.80658721923828)
Step: 6193152	(45.53939437866211,62.38604736328125)
Step: 6537216	(49.40566635131836,66.75939178466797)
Step: 6881280	(45.67678451538086,64.09504699707031)
Step: 7225344	(46.58195114135742,66.12801361083984)
Step: 7569408	(47.782569885253906,67.8717041015625)
Step: 7913472	(47.300933837890625,67.68932342529297)
Step: 8257536	(47.731201171875,66.51251220703125)
Step: 8601600	(53.286537170410156,68.74055480957031)
Step: 8945664	(49.88508605957031,66.91970825195312)
Step: 9289728	(51.169960021972656,69.54154968261719)
Step: 9633792	(50.44114303588867,65.29363250732422)
Step: 9977856	(54.92854309082031,69.14384460449219)
Step: 10010624	(57.75262451171875,68.183837890625)
Completed training!
Average return: tensor(69.3322)
Generating videoP_10_1000_fruitbot_1_5_512_vid.mp4
Done...
