Running script...
Total steps: 10000000
Num levels: 10000
Game: fruitbot
Model: 1
Augmentation mode: 5
nr_features: 512
P_10_10000_fruitbot_1_5_512
Step: 344064	(10.357451438903809,16.29488754272461)
Step: 688128	(41.24978256225586,50.294010162353516)
Step: 1032192	(38.654884338378906,58.59466552734375)
Step: 1376256	(43.45026779174805,65.0943603515625)
Step: 1720320	(40.458675384521484,64.46051788330078)
Step: 2064384	(29.316707611083984,64.71012878417969)
Step: 2408448	(33.362037658691406,67.08135223388672)
Step: 2752512	(45.14373016357422,68.60481262207031)
Step: 3096576	(46.97132873535156,64.6395263671875)
Step: 3440640	(43.017940521240234,66.32158660888672)
Step: 3784704	(45.10639953613281,66.08061981201172)
Step: 4128768	(47.46419906616211,61.646690368652344)
Step: 4472832	(41.4034538269043,67.70306396484375)
Step: 4816896	(39.806907653808594,68.2872543334961)
Step: 5160960	(36.4632453918457,66.90216064453125)
Step: 5505024	(36.0142936706543,71.35307312011719)
Step: 5849088	(37.499053955078125,66.65869140625)
Step: 6193152	(32.82565689086914,69.124755859375)
Step: 6537216	(36.661041259765625,70.211181640625)
Step: 6881280	(34.400177001953125,67.72721099853516)
Step: 7225344	(38.41981887817383,67.60820770263672)
Step: 7569408	(42.497459411621094,69.81405639648438)
Step: 7913472	(44.06532287597656,69.67198944091797)
Step: 8257536	(45.48188018798828,69.58692932128906)
Step: 8601600	(48.2263298034668,67.86957550048828)
Step: 8945664	(47.288963317871094,68.7279052734375)
Step: 9289728	(46.73655319213867,68.55268096923828)
Step: 9633792	(45.76362228393555,71.02081298828125)
Step: 9977856	(48.94052505493164,69.7808837890625)
Step: 10010624	(52.644859313964844,69.84573364257812)
Completed training!
Average return: tensor(70.3412)
Generating videoP_10_10000_fruitbot_1_5_512_vid.mp4
Done...
