Running script...
Total steps: 10000000
Num levels: 100
Game: fruitbot
Model: 1
Augmentation mode: 0
nr_features: 512
P_10_100_fruitbot_1_0_512
Step: 344064	(42.44927978515625,27.455944061279297)
Step: 688128	(54.619197845458984,51.92100524902344)
Step: 1032192	(62.96609878540039,57.629486083984375)
Step: 1376256	(65.6699447631836,61.986080169677734)
Step: 1720320	(70.7540283203125,64.97746276855469)
Step: 2064384	(70.0499038696289,64.10719299316406)
Step: 2408448	(75.65735626220703,69.26813507080078)
Step: 2752512	(75.09564208984375,69.38862609863281)
Step: 3096576	(76.1764144897461,69.59164428710938)
Step: 3440640	(76.74131774902344,65.98680877685547)
Step: 3784704	(75.515869140625,68.72997283935547)
Step: 4128768	(76.21206665039062,69.78861236572266)
Step: 4472832	(76.97753143310547,69.87393951416016)
Step: 4816896	(76.40191650390625,67.2030029296875)
Step: 5160960	(75.30886840820312,65.7754898071289)
Step: 5505024	(78.7276611328125,71.26374816894531)
Step: 5849088	(78.08332061767578,69.26518249511719)
Step: 6193152	(77.32242584228516,70.03951263427734)
Step: 6537216	(76.85243225097656,70.49152374267578)
Step: 6881280	(78.86918640136719,70.00912475585938)
Step: 7225344	(77.06941986083984,68.92860412597656)
Step: 7569408	(79.00439453125,69.20117950439453)
Step: 7913472	(78.93488311767578,70.87393951416016)
Step: 8257536	(79.67292022705078,72.29273223876953)
Step: 8601600	(79.63414764404297,72.86549377441406)
Step: 8945664	(78.13691711425781,71.10973358154297)
Step: 9289728	(76.11622619628906,71.08920288085938)
Step: 9633792	(79.25869750976562,71.46517944335938)
Step: 9977856	(81.14508056640625,71.06499481201172)
Step: 10010624	(78.93421936035156,70.68656158447266)
Completed training!
Average return: tensor(71.8446)
Generating videoP_10_100_fruitbot_1_0_512_vid.mp4
Done...
