Running script...
Total steps: 10000000
Num levels: 10000
Game: fruitbot
Model: 1
Augmentation mode: 5
nr_features: 512
P_10_10000_fruitbot_1_5_512
Step: 344064	(16.20408058166504,16.29488754272461)
Step: 688128	(50.026451110839844,50.294010162353516)
Step: 1032192	(57.76238250732422,58.59466552734375)
Step: 3047424	(68.30781555175781,69.69388580322266)
Step: 5062656	(65.4878921508789,66.29852294921875)
Step: 7077888	(70.64031219482422,70.8939208984375)
Step: 9093120	(74.40467834472656,73.49095916748047)
Step: 10010624	(71.6343765258789,69.62026977539062)
Completed training!
Average return: tensor(71.5994)
Generating videoP_10_10000_fruitbot_1_5_512_vid.mp4
Done...
