Running script...
Total steps: 10000000
Num levels: 1000
Game: jumper
Model: 1
Augmentation mode: 0
nr_features: 512
P_10_1000_jumper_1_0_512
Step: 344064	(23.871185302734375,22.543231964111328)
Step: 688128	(24.408023834228516,21.21384620666504)
Step: 1032192	(24.905059814453125,24.316381454467773)
Step: 3047424	(31.381324768066406,25.210458755493164)
Step: 5062656	(42.286624908447266,31.20701789855957)
Step: 7077888	(36.12063980102539,23.00023651123047)
Step: 9093120	(45.09260940551758,30.021413803100586)
Step: 10010624	(51.88079833984375,39.743900299072266)
Completed training!
Average return: tensor(33.7612)
Generating videoP_10_1000_jumper_1_0_512_vid.mp4
Done...
