Running script...
Total steps: 10000000
Num levels: 1
Game: fruitbot
Model: 1
Augmentation mode: 5
nr_features: 512
P_10_1_fruitbot_1_5_512
Step: 344064	(0.0,-21.80293083190918)
Step: 688128	(133.299560546875,-31.509708404541016)
Step: 1032192	(124.97527313232422,-25.112350463867188)
Step: 3047424	(92.79324340820312,-15.219130516052246)
Step: 5062656	(92.79324340820312,-11.696465492248535)
Step: 7077888	(93.7412109375,-12.383808135986328)
Step: 9093120	(92.79324340820312,-9.752351760864258)
Step: 10010624	(92.79324340820312,-12.204960823059082)
Completed training!
Average return: tensor(-38.5362)
Generating videoP_10_1_fruitbot_1_5_512_vid.mp4
Done...
