Running script...
Total steps: 10000000
Num levels: 1
Game: jumper
Model: 1
Augmentation mode: 5
nr_features: 512
P_10_1_jumper_1_5_512
Step: 344064	(20480.0,1.40625)
Step: 688128	(20480.0,1.40625)
Step: 1032192	(20480.0,1.40625)
Step: 1376256	(20480.0,1.40625)
Step: 1720320	(20480.0,1.40625)
Step: 2064384	(20480.0,1.40625)
Step: 2408448	(20480.0,1.40625)
Step: 2752512	(20480.0,1.40625)
Step: 3096576	(20480.0,1.40625)
Step: 3440640	(20480.0,1.40625)
Step: 3784704	(20480.0,1.40625)
Step: 4128768	(20480.0,1.40625)
Step: 4472832	(20480.0,1.40625)
Step: 4816896	(20480.0,1.40625)
Step: 5160960	(20480.0,1.40625)
Step: 5505024	(20480.0,1.40625)
Step: 5849088	(20480.0,1.40625)
Step: 6193152	(20480.0,1.40625)
Step: 6537216	(20480.0,1.40625)
Done...
