Running script...
Total steps: 10000000
Num levels: 1000
Game: fruitbot
Model: 1
Augmentation mode: 5
nr_features: 512
P_10_1000_fruitbot_1_5_512
Step: 344064	(20.202524185180664,18.89734649658203)
Step: 688128	(52.1947135925293,44.78657531738281)
Step: 1032192	(58.11251449584961,53.072998046875)
Step: 3047424	(70.19606018066406,65.35716247558594)
Step: 5062656	(68.50749206542969,66.07719421386719)
Step: 7077888	(70.78858947753906,67.9671630859375)
Step: 9093120	(73.03451538085938,67.6767578125)
Step: 10010624	(72.66693115234375,68.74200439453125)
Completed training!
Average return: tensor(71.8856)
Generating videoP_10_1000_fruitbot_1_5_512_vid.mp4
Done...
