Running script...
Total steps: 10000000
Num levels: 10000
Game: fruitbot
Model: 2
Augmentation mode: 0
nr_features: 512
P_10_10000_fruitbot_2_0_512
Step: 344064	(51.94667053222656,50.7681999206543)
Step: 688128	(65.9197769165039,62.7708740234375)
Step: 1032192	(69.42176818847656,70.35505676269531)
Step: 3047424	(74.32624816894531,74.63668823242188)
Step: 5062656	(75.24425506591797,73.92988586425781)
Step: 7077888	(78.20662689208984,77.08501434326172)
Step: 9093120	(75.09385681152344,75.99325561523438)
Step: 10010624	(75.94232177734375,72.74026489257812)
Completed training!
Average return: tensor(74.7720)
Generating videoP_10_10000_fruitbot_2_0_512_vid.mp4
Done...
